Flow report for omsp430_demo_tmct
Fri Aug 19 12:15:38 2022
Quartus II 64-Bit Version 13.1.0 Build 162 10/23/2013 SJ Web Edition


---------------------
; Table of Contents ;
---------------------
  1. Legal Notice
  2. Flow Summary
  3. Flow Settings
  4. Flow Non-Default Global Settings
  5. Flow Elapsed Time
  6. Flow OS Summary
  7. Flow Log
  8. Flow Messages
  9. Flow Suppressed Messages



----------------
; Legal Notice ;
----------------
Copyright (C) 1991-2013 Altera Corporation
Your use of Altera Corporation's design tools, logic functions 
and other software and tools, and its AMPP partner logic 
functions, and any output files from any of the foregoing 
(including device programming or simulation files), and any 
associated documentation or information are expressly subject 
to the terms and conditions of the Altera Program License 
Subscription Agreement, Altera MegaCore Function License 
Agreement, or other applicable license agreement, including, 
without limitation, that your use is for the sole purpose of 
programming logic devices manufactured by Altera and sold by 
Altera or its authorized distributors.  Please refer to the 
applicable agreement for further details.



+---------------------------------------------------------------------------------+
; Flow Summary                                                                    ;
+------------------------------------+--------------------------------------------+
; Flow Status                        ; Successful - Fri Aug 19 12:15:38 2022      ;
; Quartus II 64-Bit Version          ; 13.1.0 Build 162 10/23/2013 SJ Web Edition ;
; Revision Name                      ; omsp430_demo_tmct                          ;
; Top-level Entity Name              ; omsp430_demo_top                           ;
; Family                             ; Cyclone III                                ;
; Device                             ; EP3C16F484C6                               ;
; Timing Models                      ; Final                                      ;
; Total logic elements               ; 2,487 / 15,408 ( 16 % )                    ;
;     Total combinational functions  ; 2,438 / 15,408 ( 16 % )                    ;
;     Dedicated logic registers      ; 824 / 15,408 ( 5 % )                       ;
; Total registers                    ; 824                                        ;
; Total pins                         ; 28 / 347 ( 8 % )                           ;
; Total virtual pins                 ; 0                                          ;
; Total memory bits                  ; 163,840 / 516,096 ( 32 % )                 ;
; Embedded Multiplier 9-bit elements ; 0 / 112 ( 0 % )                            ;
; Total PLLs                         ; 1 / 4 ( 25 % )                             ;
+------------------------------------+--------------------------------------------+


+-----------------------------------------+
; Flow Settings                           ;
+-------------------+---------------------+
; Option            ; Setting             ;
+-------------------+---------------------+
; Start date & time ; 08/19/2022 12:15:05 ;
; Main task         ; Compilation         ;
; Revision Name     ; omsp430_demo_tmct   ;
+-------------------+---------------------+


+-------------------------------------------------------------------------------------------------------------------------------+
; Flow Non-Default Global Settings                                                                                              ;
+-------------------------------------+---------------------------------+-------------------+------------------+----------------+
; Assignment Name                     ; Value                           ; Default Value     ; Entity Name      ; Section Id     ;
+-------------------------------------+---------------------------------+-------------------+------------------+----------------+
; COMPILER_SIGNATURE_ID               ; 159000944485560.166087890507076 ; --                ; --               ; --             ;
; EDA_OUTPUT_DATA_FORMAT              ; Verilog Hdl                     ; --                ; --               ; eda_simulation ;
; EDA_SIMULATION_TOOL                 ; ModelSim-Altera (Verilog)       ; <None>            ; --               ; --             ;
; IP_TOOL_NAME                        ; RAM: 1-PORT                     ; --                ; --               ; --             ;
; IP_TOOL_NAME                        ; RAM: 1-PORT                     ; --                ; --               ; --             ;
; IP_TOOL_NAME                        ; ALTPLL                          ; --                ; --               ; --             ;
; IP_TOOL_VERSION                     ; 13.1                            ; --                ; --               ; --             ;
; IP_TOOL_VERSION                     ; 13.1                            ; --                ; --               ; --             ;
; IP_TOOL_VERSION                     ; 13.1                            ; --                ; --               ; --             ;
; MAX_CORE_JUNCTION_TEMP              ; 85                              ; --                ; --               ; --             ;
; MIN_CORE_JUNCTION_TEMP              ; 0                               ; --                ; --               ; --             ;
; MISC_FILE                           ; ip/datamem/datamem_bb.v         ; --                ; --               ; --             ;
; MISC_FILE                           ; ip/progmem/progmem_bb.v         ; --                ; --               ; --             ;
; MISC_FILE                           ; ip/pll/media_pll_bb.v           ; --                ; --               ; --             ;
; MISC_FILE                           ; ip/pll/media_pll.ppf            ; --                ; --               ; --             ;
; OUTPUT_IO_TIMING_FAR_END_VMEAS      ; Half Signal Swing               ; --                ; --               ; --             ;
; OUTPUT_IO_TIMING_FAR_END_VMEAS      ; Half Signal Swing               ; --                ; --               ; --             ;
; OUTPUT_IO_TIMING_NEAR_END_VMEAS     ; Half Vccio                      ; --                ; --               ; --             ;
; OUTPUT_IO_TIMING_NEAR_END_VMEAS     ; Half Vccio                      ; --                ; --               ; --             ;
; PARTITION_COLOR                     ; 16764057                        ; --                ; omsp430_demo_top ; Top            ;
; PARTITION_FITTER_PRESERVATION_LEVEL ; PLACEMENT_AND_ROUTING           ; --                ; omsp430_demo_top ; Top            ;
; PARTITION_NETLIST_TYPE              ; SOURCE                          ; --                ; omsp430_demo_top ; Top            ;
; PROJECT_OUTPUT_DIRECTORY            ; output_files                    ; --                ; --               ; --             ;
; TOP_LEVEL_ENTITY                    ; omsp430_demo_top                ; omsp430_demo_tmct ; --               ; --             ;
+-------------------------------------+---------------------------------+-------------------+------------------+----------------+


+-------------------------------------------------------------------------------------------------------------------------------+
; Flow Elapsed Time                                                                                                             ;
+---------------------------+--------------+-------------------------+---------------------+------------------------------------+
; Module Name               ; Elapsed Time ; Average Processors Used ; Peak Virtual Memory ; Total CPU Time (on all processors) ;
+---------------------------+--------------+-------------------------+---------------------+------------------------------------+
; Analysis & Synthesis      ; 00:00:07     ; 1.0                     ; 4646 MB             ; 00:00:07                           ;
; Fitter                    ; 00:00:10     ; 1.0                     ; 4977 MB             ; 00:00:11                           ;
; Assembler                 ; 00:00:02     ; 1.0                     ; 4588 MB             ; 00:00:01                           ;
; TimeQuest Timing Analyzer ; 00:00:04     ; 1.0                     ; 4653 MB             ; 00:00:04                           ;
; EDA Netlist Writer        ; 00:00:03     ; 1.0                     ; 4585 MB             ; 00:00:03                           ;
; Total                     ; 00:00:26     ; --                      ; --                  ; 00:00:26                           ;
+---------------------------+--------------+-------------------------+---------------------+------------------------------------+


+----------------------------------------------------------------------------------------+
; Flow OS Summary                                                                        ;
+---------------------------+------------------+-----------+------------+----------------+
; Module Name               ; Machine Hostname ; OS Name   ; OS Version ; Processor type ;
+---------------------------+------------------+-----------+------------+----------------+
; Analysis & Synthesis      ; DESKTOP-HTRI2C1  ; Windows 7 ; 6.2        ; x86_64         ;
; Fitter                    ; DESKTOP-HTRI2C1  ; Windows 7 ; 6.2        ; x86_64         ;
; Assembler                 ; DESKTOP-HTRI2C1  ; Windows 7 ; 6.2        ; x86_64         ;
; TimeQuest Timing Analyzer ; DESKTOP-HTRI2C1  ; Windows 7 ; 6.2        ; x86_64         ;
; EDA Netlist Writer        ; DESKTOP-HTRI2C1  ; Windows 7 ; 6.2        ; x86_64         ;
+---------------------------+------------------+-----------+------------+----------------+


------------
; Flow Log ;
------------
quartus_map --read_settings_files=on --write_settings_files=off omsp430_demo_tmct -c omsp430_demo_tmct
quartus_fit --read_settings_files=off --write_settings_files=off omsp430_demo_tmct -c omsp430_demo_tmct
quartus_asm --read_settings_files=off --write_settings_files=off omsp430_demo_tmct -c omsp430_demo_tmct
quartus_sta omsp430_demo_tmct -c omsp430_demo_tmct
quartus_eda --read_settings_files=off --write_settings_files=off omsp430_demo_tmct -c omsp430_demo_tmct



