Flow report for omsp430_demo_tmct
Fri Aug 19 12:29:03 2022
Quartus Prime Version 20.1.1 Build 720 11/11/2020 SJ Lite Edition


---------------------
; Table of Contents ;
---------------------
  1. Legal Notice
  2. Flow Summary
  3. Flow Settings
  4. Flow Non-Default Global Settings
  5. Flow Elapsed Time
  6. Flow OS Summary
  7. Flow Log
  8. Flow Messages
  9. Flow Suppressed Messages



----------------
; Legal Notice ;
----------------
Copyright (C) 2020  Intel Corporation. All rights reserved.
Your use of Intel Corporation's design tools, logic functions 
and other software and tools, and any partner logic 
functions, and any output files from any of the foregoing 
(including device programming or simulation files), and any 
associated documentation or information are expressly subject 
to the terms and conditions of the Intel Program License 
Subscription Agreement, the Intel Quartus Prime License Agreement,
the Intel FPGA IP License Agreement, or other applicable license
agreement, including, without limitation, that your use is for
the sole purpose of programming logic devices manufactured by
Intel and sold by Intel or its authorized distributors.  Please
refer to the applicable agreement for further details, at
https://fpgasoftware.intel.com/eula.



+-------------------------------------------------------------------------------+
; Flow Summary                                                                  ;
+---------------------------------+---------------------------------------------+
; Flow Status                     ; Successful - Fri Aug 19 12:28:54 2022       ;
; Quartus Prime Version           ; 20.1.1 Build 720 11/11/2020 SJ Lite Edition ;
; Revision Name                   ; omsp430_demo_tmct                           ;
; Top-level Entity Name           ; omsp430_demo_top                            ;
; Family                          ; Cyclone V                                   ;
; Device                          ; 5CEBA4F23C7                                 ;
; Timing Models                   ; Final                                       ;
; Logic utilization (in ALMs)     ; 1,267 / 18,480 ( 7 % )                      ;
; Total registers                 ; 918                                         ;
; Total pins                      ; 28 / 224 ( 13 % )                           ;
; Total virtual pins              ; 0                                           ;
; Total block memory bits         ; 163,840 / 3,153,920 ( 5 % )                 ;
; Total DSP Blocks                ; 0 / 66 ( 0 % )                              ;
; Total HSSI RX PCSs              ; 0                                           ;
; Total HSSI PMA RX Deserializers ; 0                                           ;
; Total HSSI TX PCSs              ; 0                                           ;
; Total HSSI PMA TX Serializers   ; 0                                           ;
; Total PLLs                      ; 1 / 4 ( 25 % )                              ;
; Total DLLs                      ; 0 / 4 ( 0 % )                               ;
+---------------------------------+---------------------------------------------+


+-----------------------------------------+
; Flow Settings                           ;
+-------------------+---------------------+
; Option            ; Setting             ;
+-------------------+---------------------+
; Start date & time ; 08/19/2022 12:27:49 ;
; Main task         ; Compilation         ;
; Revision Name     ; omsp430_demo_tmct   ;
+-------------------+---------------------+


+----------------------------------------------------------------------------------------------------------------------------------+
; Flow Non-Default Global Settings                                                                                                 ;
+-------------------------------------+----------------------------------------+-------------------+------------------+------------+
; Assignment Name                     ; Value                                  ; Default Value     ; Entity Name      ; Section Id ;
+-------------------------------------+----------------------------------------+-------------------+------------------+------------+
; COMPILER_SIGNATURE_ID               ; 159000943959071.166087966900684        ; --                ; --               ; --         ;
; MAX_CORE_JUNCTION_TEMP              ; 85                                     ; --                ; --               ; --         ;
; MIN_CORE_JUNCTION_TEMP              ; 0                                      ; --                ; --               ; --         ;
; MISC_FILE                           ; ip/pll/media_pll.cmp                   ; --                ; --               ; --         ;
; MISC_FILE                           ; ip/progmem/progmem_bb.v                ; --                ; --               ; --         ;
; MISC_FILE                           ; ip/datamem/datamem_bb.v                ; --                ; --               ; --         ;
; OUTPUT_IO_TIMING_FAR_END_VMEAS      ; Half Signal Swing                      ; --                ; --               ; --         ;
; OUTPUT_IO_TIMING_FAR_END_VMEAS      ; Half Signal Swing                      ; --                ; --               ; --         ;
; OUTPUT_IO_TIMING_NEAR_END_VMEAS     ; Half Vccio                             ; --                ; --               ; --         ;
; OUTPUT_IO_TIMING_NEAR_END_VMEAS     ; Half Vccio                             ; --                ; --               ; --         ;
; PARTITION_COLOR                     ; -- (Not supported for targeted family) ; --                ; omsp430_demo_top ; Top        ;
; PARTITION_FITTER_PRESERVATION_LEVEL ; -- (Not supported for targeted family) ; --                ; omsp430_demo_top ; Top        ;
; PARTITION_NETLIST_TYPE              ; -- (Not supported for targeted family) ; --                ; omsp430_demo_top ; Top        ;
; POWER_BOARD_THERMAL_MODEL           ; None (CONSERVATIVE)                    ; --                ; --               ; --         ;
; POWER_PRESET_COOLING_SOLUTION       ; 23 MM HEAT SINK WITH 200 LFPM AIRFLOW  ; --                ; --               ; --         ;
; PROJECT_OUTPUT_DIRECTORY            ; output_files                           ; --                ; --               ; --         ;
; SYNTHESIS_ONLY_QIP                  ; On                                     ; --                ; --               ; --         ;
; TOP_LEVEL_ENTITY                    ; omsp430_demo_top                       ; omsp430_demo_tmct ; --               ; --         ;
+-------------------------------------+----------------------------------------+-------------------+------------------+------------+


+--------------------------------------------------------------------------------------------------------------------------+
; Flow Elapsed Time                                                                                                        ;
+----------------------+--------------+-------------------------+---------------------+------------------------------------+
; Module Name          ; Elapsed Time ; Average Processors Used ; Peak Virtual Memory ; Total CPU Time (on all processors) ;
+----------------------+--------------+-------------------------+---------------------+------------------------------------+
; Analysis & Synthesis ; 00:00:15     ; 1.0                     ; 4867 MB             ; 00:00:27                           ;
; Fitter               ; 00:00:40     ; 1.2                     ; 6378 MB             ; 00:01:33                           ;
; Assembler            ; 00:00:06     ; 1.0                     ; 4838 MB             ; 00:00:05                           ;
; Timing Analyzer      ; 00:00:08     ; 1.9                     ; 5158 MB             ; 00:00:15                           ;
; Total                ; 00:01:09     ; --                      ; --                  ; 00:02:20                           ;
+----------------------+--------------+-------------------------+---------------------+------------------------------------+


+------------------------------------------------------------------------------------+
; Flow OS Summary                                                                    ;
+----------------------+------------------+------------+------------+----------------+
; Module Name          ; Machine Hostname ; OS Name    ; OS Version ; Processor type ;
+----------------------+------------------+------------+------------+----------------+
; Analysis & Synthesis ; DESKTOP-HTRI2C1  ; Windows 10 ; 10.0       ; x86_64         ;
; Fitter               ; DESKTOP-HTRI2C1  ; Windows 10 ; 10.0       ; x86_64         ;
; Assembler            ; DESKTOP-HTRI2C1  ; Windows 10 ; 10.0       ; x86_64         ;
; Timing Analyzer      ; DESKTOP-HTRI2C1  ; Windows 10 ; 10.0       ; x86_64         ;
+----------------------+------------------+------------+------------+----------------+


------------
; Flow Log ;
------------
quartus_map --read_settings_files=on --write_settings_files=off omsp430_demo_tmct -c omsp430_demo_tmct
quartus_fit --read_settings_files=off --write_settings_files=off omsp430_demo_tmct -c omsp430_demo_tmct
quartus_asm --read_settings_files=off --write_settings_files=off omsp430_demo_tmct -c omsp430_demo_tmct
quartus_sta omsp430_demo_tmct -c omsp430_demo_tmct



